<?xml version="1.0" encoding="UTF-8"?>
<!-- Generated by org.testng.reporters.JUnitReportReporter -->
<testsuite hostname="Jesus" failures="0" tests="3" name="BenTestNg.AnnotationPriopractice" time="10.946" errors="0" timestamp="2023-07-22T11:59:48 IST" skipped="0">
  <testcase classname="BenTestNg.AnnotationPriopractice" name="OpenApp" time="9.220"/>
  <testcase classname="BenTestNg.AnnotationPriopractice" name="Login" time="1.601"/>
  <testcase classname="BenTestNg.AnnotationPriopractice" name="Teardown" time="0.125"/>
</testsuite> <!-- BenTestNg.AnnotationPriopractice -->
